# JRE version: OpenJDK Runtime Environment (15.0.1+9) (build 15.0.1+9-18)
# Java VM: OpenJDK 64-Bit Server VM (15.0.1+9-18, mixed mode, tiered, compressed oops, g1 gc, windows-amd64)
GC Precious Log:
 CPUs: 4 total, 4 available
 Memory: 8030M
 Large Page Support: Disabled
 NUMA Support: Disabled
 Compressed Oops: Enabled (32-bit)
 Heap Region Size: 1M
 Heap Min Capacity: 8M
 Heap Initial Capacity: 126M
 Heap Max Capacity: 2008M
 Pre-touch: Disabled
 Parallel Workers: 4
 Concurrent Workers: 1
 Concurrent Refinement Workers: 4
 Periodic GC: Disabled
Heap:
 garbage-first heap   total 84992K, used 38399K [0x0000000082800000, 0x0000000100000000)
  region size 1024K, 4 young (4096K), 4 survivors (4096K)
 Metaspace       used 63344K, capacity 63941K, committed 64248K, reserved 1105920K
  class space    used 8190K, capacity 8405K, committed 8448K, reserved 1048576K
GC Heap History (20 events):
Event: 4.400 GC heap after
{Heap after GC invocations=10 (full 0):
 garbage-first heap   total 51200K, used 14839K [0x0000000082800000, 0x0000000100000000)
  region size 1024K, 4 young (4096K), 4 survivors (4096K)
 Metaspace       used 33510K, capacity 33960K, committed 34304K, reserved 1079296K
  class space    used 4101K, capacity 4225K, committed 4352K, reserved 1048576K
}
Event: 4.621 GC heap before
{Heap before GC invocations=10 (full 0):
 garbage-first heap   total 51200K, used 38391K [0x0000000082800000, 0x0000000100000000)
  region size 1024K, 28 young (28672K), 4 survivors (4096K)
 Metaspace       used 34992K, capacity 35499K, committed 35712K, reserved 1081344K
  class space    used 4252K, capacity 4418K, committed 4480K, reserved 1048576K
}
Event: 4.628 GC heap after
{Heap after GC invocations=11 (full 0):
 garbage-first heap   total 61440K, used 15871K [0x0000000082800000, 0x0000000100000000)
  region size 1024K, 1 young (1024K), 1 survivors (1024K)
 Metaspace       used 34992K, capacity 35499K, committed 35712K, reserved 1081344K
  class space    used 4252K, capacity 4418K, committed 4480K, reserved 1048576K
}
Event: 4.671 GC heap before
{Heap before GC invocations=11 (full 0):
 garbage-first heap   total 61440K, used 39423K [0x0000000082800000, 0x0000000100000000)
  region size 1024K, 26 young (26624K), 1 survivors (1024K)
 Metaspace       used 35320K, capacity 35755K, committed 35840K, reserved 1081344K
  class space    used 4274K, capacity 4418K, committed 4480K, reserved 1048576K
}
Event: 4.674 GC heap after
{Heap after GC invocations=12 (full 0):
 garbage-first heap   total 61440K, used 16272K [0x0000000082800000, 0x0000000100000000)
  region size 1024K, 2 young (2048K), 2 survivors (2048K)
 Metaspace       used 35320K, capacity 35755K, committed 35840K, reserved 1081344K
  class space    used 4274K, capacity 4418K, committed 4480K, reserved 1048576K
}
Event: 4.847 GC heap before
{Heap before GC invocations=13 (full 0):
 garbage-first heap   total 61440K, used 46992K [0x0000000082800000, 0x0000000100000000)
  region size 1024K, 33 young (33792K), 2 survivors (2048K)
 Metaspace       used 36676K, capacity 37195K, committed 37248K, reserved 1081344K
  class space    used 4417K, capacity 4578K, committed 4608K, reserved 1048576K
}
Event: 4.853 GC heap after
{Heap after GC invocations=14 (full 0):
 garbage-first heap   total 61440K, used 16450K [0x0000000082800000, 0x0000000100000000)
  region size 1024K, 2 young (2048K), 2 survivors (2048K)
 Metaspace       used 36676K, capacity 37195K, committed 37248K, reserved 1081344K
  class space    used 4417K, capacity 4578K, committed 4608K, reserved 1048576K
}
Event: 5.426 GC heap before
{Heap before GC invocations=15 (full 0):
 garbage-first heap   total 61440K, used 48194K [0x0000000082800000, 0x0000000100000000)
  region size 1024K, 34 young (34816K), 2 survivors (2048K)
 Metaspace       used 39645K, capacity 40157K, committed 40320K, reserved 1085440K
  class space    used 4798K, capacity 4966K, committed 4992K, reserved 1048576K
}
Event: 5.433 GC heap after
{Heap after GC invocations=16 (full 0):
 garbage-first heap   total 61440K, used 17358K [0x0000000082800000, 0x0000000100000000)
  region size 1024K, 3 young (3072K), 3 survivors (3072K)
 Metaspace       used 39645K, capacity 40157K, committed 40320K, reserved 1085440K
  class space    used 4798K, capacity 4966K, committed 4992K, reserved 1048576K
}
Event: 7.227 GC heap before
{Heap before GC invocations=16 (full 0):
 garbage-first heap   total 61440K, used 49102K [0x0000000082800000, 0x0000000100000000)
  region size 1024K, 34 young (34816K), 3 survivors (3072K)
 Metaspace       used 46721K, capacity 47180K, committed 47488K, reserved 1091584K
  class space    used 5815K, capacity 5961K, committed 6016K, reserved 1048576K
}
Event: 7.234 GC heap after
{Heap after GC invocations=17 (full 0):
 garbage-first heap   total 61440K, used 20223K [0x0000000082800000, 0x0000000100000000)
  region size 1024K, 5 young (5120K), 5 survivors (5120K)
 Metaspace       used 46721K, capacity 47180K, committed 47488K, reserved 1091584K
  class space    used 5815K, capacity 5961K, committed 6016K, reserved 1048576K
}
Event: 8.584 GC heap before
{Heap before GC invocations=17 (full 0):
 garbage-first heap   total 61440K, used 48895K [0x0000000082800000, 0x0000000100000000)
  region size 1024K, 33 young (33792K), 5 survivors (5120K)
 Metaspace       used 53990K, capacity 54652K, committed 54784K, reserved 1097728K
  class space    used 6920K, capacity 7124K, committed 7168K, reserved 1048576K
}
Event: 8.594 GC heap after
{Heap after GC invocations=18 (full 0):
 garbage-first heap   total 73728K, used 22021K [0x0000000082800000, 0x0000000100000000)
  region size 1024K, 2 young (2048K), 2 survivors (2048K)
 Metaspace       used 53990K, capacity 54652K, committed 54784K, reserved 1097728K
  class space    used 6920K, capacity 7124K, committed 7168K, reserved 1048576K
}
Event: 10.358 GC heap before
{Heap before GC invocations=18 (full 0):
 garbage-first heap   total 73728K, used 56837K [0x0000000082800000, 0x0000000100000000)
  region size 1024K, 36 young (36864K), 2 survivors (2048K)
 Metaspace       used 59838K, capacity 60434K, committed 60672K, reserved 1101824K
  class space    used 7688K, capacity 7889K, committed 7936K, reserved 1048576K
}
Event: 10.371 GC heap after
{Heap after GC invocations=19 (full 0):
 garbage-first heap   total 73728K, used 24519K [0x0000000082800000, 0x0000000100000000)
  region size 1024K, 5 young (5120K), 5 survivors (5120K)
 Metaspace       used 59838K, capacity 60434K, committed 60672K, reserved 1101824K
  class space    used 7688K, capacity 7889K, committed 7936K, reserved 1048576K
}
Event: 10.943 GC heap before
{Heap before GC invocations=19 (full 0):
 garbage-first heap   total 73728K, used 43975K [0x0000000082800000, 0x0000000100000000)
  region size 1024K, 25 young (25600K), 5 survivors (5120K)
 Metaspace       used 61760K, capacity 62377K, committed 62464K, reserved 1103872K
  class space    used 7965K, capacity 8163K, committed 8192K, reserved 1048576K
}
Event: 10.958 GC heap after
{Heap after GC invocations=20 (full 0):
 garbage-first heap   total 73728K, used 26240K [0x0000000082800000, 0x0000000100000000)
  region size 1024K, 5 young (5120K), 5 survivors (5120K)
 Metaspace       used 61760K, capacity 62377K, committed 62464K, reserved 1103872K
  class space    used 7965K, capacity 8163K, committed 8192K, reserved 1048576K
}
Event: 11.473 GC heap before
{Heap before GC invocations=21 (full 0):
 garbage-first heap   total 73728K, used 57984K [0x0000000082800000, 0x0000000100000000)
  region size 1024K, 36 young (36864K), 5 survivors (5120K)
 Metaspace       used 63257K, capacity 63845K, committed 63992K, reserved 1105920K
  class space    used 8178K, capacity 8373K, committed 8448K, reserved 1048576K
}
Event: 11.493 GC heap after
{Heap after GC invocations=22 (full 0):
 garbage-first heap   total 73728K, used 31782K [0x0000000082800000, 0x0000000100000000)
  region size 1024K, 5 young (5120K), 5 survivors (5120K)
 Metaspace       used 63257K, capacity 63845K, committed 63992K, reserved 1105920K
  class space    used 8178K, capacity 8373K, committed 8448K, reserved 1048576K
}
Event: 11.681 GC heap before
{Heap before GC invocations=23 (full 0):
 garbage-first heap   total 73728K, used 56358K [0x0000000082800000, 0x0000000100000000)
  region size 1024K, 29 young (29696K), 5 survivors (5120K)
 Metaspace       used 63344K, capacity 63941K, committed 64248K, reserved 1105920K
  class space    used 8190K, capacity 8405K, committed 8448K, reserved 1048576K
}

